0 info it worked if it ends with ok
1 verbose cli [ '/usr/local/bin/node', '/usr/local/bin/npm', 'publish' ]
2 info using npm@4.0.5
3 info using node@v7.4.0
4 verbose publish [ '.' ]
5 silly cache add args [ '.', null ]
6 verbose cache add spec .
7 silly cache add parsed spec Result {
7 silly cache add   raw: '.',
7 silly cache add   scope: null,
7 silly cache add   escapedName: null,
7 silly cache add   name: null,
7 silly cache add   rawSpec: '.',
7 silly cache add   spec: '/Users/adilkarim/proj/react-native-spotify',
7 silly cache add   type: 'directory' }
8 verbose addLocalDirectory /Users/adilkarim/.npm/react-native-spotify-ios/1.0.0/package.tgz not in flight; packing
9 verbose correctMkdir /Users/adilkarim/.npm correctMkdir not in flight; initializing
10 info lifecycle react-native-spotify-ios@1.0.0~prepublish: react-native-spotify-ios@1.0.0
11 silly lifecycle react-native-spotify-ios@1.0.0~prepublish: no script for prepublish, continuing
12 info lifecycle react-native-spotify-ios@1.0.0~prepare: react-native-spotify-ios@1.0.0
13 silly lifecycle react-native-spotify-ios@1.0.0~prepare: no script for prepare, continuing
14 verbose tar pack [ '/Users/adilkarim/.npm/react-native-spotify-ios/1.0.0/package.tgz',
14 verbose tar pack   '/Users/adilkarim/proj/react-native-spotify' ]
15 verbose tarball /Users/adilkarim/.npm/react-native-spotify-ios/1.0.0/package.tgz
16 verbose folder /Users/adilkarim/proj/react-native-spotify
17 verbose addLocalTarball adding from inside cache /Users/adilkarim/.npm/react-native-spotify-ios/1.0.0/package.tgz
18 verbose correctMkdir /Users/adilkarim/.npm correctMkdir not in flight; initializing
19 silly cache afterAdd react-native-spotify-ios@1.0.0
20 verbose afterAdd /Users/adilkarim/.npm/react-native-spotify-ios/1.0.0/package/package.json not in flight; writing
21 verbose correctMkdir /Users/adilkarim/.npm correctMkdir not in flight; initializing
22 verbose afterAdd /Users/adilkarim/.npm/react-native-spotify-ios/1.0.0/package/package.json written
23 silly publish { name: 'react-native-spotify-ios',
23 silly publish   version: '1.0.0',
23 silly publish   description: 'A React Native Native Module for the Spotify iOS SDK',
23 silly publish   main: 'Spotify.js',
23 silly publish   scripts: { test: 'echo "Error: no test specified" && exit 1' },
23 silly publish   repository:
23 silly publish    { type: 'git',
23 silly publish      url: 'git+https://github.com/aakarim/react-native-spotify-ios.git' },
23 silly publish   keywords: [ 'spotify', 'react', 'react-native', 'react', 'native', 'ios' ],
23 silly publish   author: { name: 'A A Karim' },
23 silly publish   license: 'MIT',
23 silly publish   bugs: { url: 'https://github.com/aakarim/react-native-spotify-ios/issues' },
23 silly publish   homepage: 'https://github.com/aakarim/react-native-spotify-ios#readme',
23 silly publish   readme: '#TODO\n- [ ] Either a higher order component or manual subscriptions to spotify manager that enable child component to deal with delegate actions.\n- [ ] Spotify can hook in with redux state\n- [ ] Sends predefined actions on redux\n- [ ] Handle errors more smoothly. Pass back to callback/promise instead of throwing native exception.\n- [ ] TESTS!\n',
23 silly publish   readmeFilename: 'Readme.md',
23 silly publish   gitHead: '12cda7a6bbc5803cc0b55b3bd1f9f4ddedf86d98',
23 silly publish   _id: 'react-native-spotify-ios@1.0.0',
23 silly publish   _shasum: 'a9ee7183da27e398b81e3cc299e0df58fdbc67b3',
23 silly publish   _from: '.' }
24 info lifecycle react-native-spotify-ios@1.0.0~prepublishOnly: react-native-spotify-ios@1.0.0
25 silly lifecycle react-native-spotify-ios@1.0.0~prepublishOnly: no script for prepublishOnly, continuing
26 verbose getPublishConfig undefined
27 silly mapToRegistry name react-native-spotify-ios
28 silly mapToRegistry using default registry
29 silly mapToRegistry registry https://registry.npmjs.org/
30 silly mapToRegistry data Result {
30 silly mapToRegistry   raw: 'react-native-spotify-ios',
30 silly mapToRegistry   scope: null,
30 silly mapToRegistry   escapedName: 'react-native-spotify-ios',
30 silly mapToRegistry   name: 'react-native-spotify-ios',
30 silly mapToRegistry   rawSpec: '',
30 silly mapToRegistry   spec: 'latest',
30 silly mapToRegistry   type: 'tag' }
31 silly mapToRegistry uri https://registry.npmjs.org/react-native-spotify-ios
32 verbose publish registryBase https://registry.npmjs.org/
33 silly publish uploading /Users/adilkarim/.npm/react-native-spotify-ios/1.0.0/package.tgz
34 verbose request uri https://registry.npmjs.org/react-native-spotify-ios
35 verbose request sending authorization for write operation
36 info attempt registry request try #1 at 11:32:03 AM
37 verbose request using bearer token for auth
38 verbose request id b3283b18ecaf8a94
39 http request PUT https://registry.npmjs.org/react-native-spotify-ios
40 http 403 https://registry.npmjs.org/react-native-spotify-ios
41 verbose headers { 'content-type': 'application/json',
41 verbose headers   'cache-control': 'max-age=300',
41 verbose headers   'content-length': '95',
41 verbose headers   'accept-ranges': 'bytes',
41 verbose headers   date: 'Mon, 03 Apr 2017 10:32:04 GMT',
41 verbose headers   via: '1.1 varnish',
41 verbose headers   connection: 'keep-alive',
41 verbose headers   'x-served-by': 'cache-lcy1146-LCY',
41 verbose headers   'x-cache': 'MISS',
41 verbose headers   'x-cache-hits': '0',
41 verbose headers   'x-timer': 'S1491215523.742882,VS0,VE1061',
41 verbose headers   vary: 'Accept-Encoding' }
42 verbose request invalidating /Users/adilkarim/.npm/registry.npmjs.org/react-native-spotify-ios on PUT
43 error publish Failed PUT 403
44 verbose stack Error: "You cannot publish over the previously published version 1.0.0." : react-native-spotify-ios
44 verbose stack     at makeError (/usr/local/lib/node_modules/npm/node_modules/npm-registry-client/lib/request.js:302:12)
44 verbose stack     at CachingRegistryClient.<anonymous> (/usr/local/lib/node_modules/npm/node_modules/npm-registry-client/lib/request.js:290:14)
44 verbose stack     at Request._callback (/usr/local/lib/node_modules/npm/node_modules/npm-registry-client/lib/request.js:210:14)
44 verbose stack     at Request.self.callback (/usr/local/lib/node_modules/npm/node_modules/request/request.js:186:22)
44 verbose stack     at emitTwo (events.js:106:13)
44 verbose stack     at Request.emit (events.js:191:7)
44 verbose stack     at Request.<anonymous> (/usr/local/lib/node_modules/npm/node_modules/request/request.js:1081:10)
44 verbose stack     at emitOne (events.js:96:13)
44 verbose stack     at Request.emit (events.js:188:7)
44 verbose stack     at IncomingMessage.<anonymous> (/usr/local/lib/node_modules/npm/node_modules/request/request.js:1001:12)
45 verbose statusCode 403
46 verbose pkgid react-native-spotify-ios
47 verbose cwd /Users/adilkarim/proj/react-native-spotify
48 error Darwin 16.4.0
49 error argv "/usr/local/bin/node" "/usr/local/bin/npm" "publish"
50 error node v7.4.0
51 error npm  v4.0.5
52 error code E403
53 error "You cannot publish over the previously published version 1.0.0." : react-native-spotify-ios
54 error If you need help, you may report this error at:
54 error     <https://github.com/npm/npm/issues>
55 verbose exit [ 1, true ]
